<?xml version="1.0" encoding="UTF-8"?>
<testng-results skipped="0" failed="0" ignored="0" total="1" passed="1">
  <reporter-output>
  </reporter-output>
  <suite name="Default suite" duration-ms="54027" started-at="2019-08-16T04:05:06Z" finished-at="2019-08-16T04:06:00Z">
    <groups>
    </groups>
    <test name="Default test" duration-ms="54027" started-at="2019-08-16T04:05:06Z" finished-at="2019-08-16T04:06:00Z">
      <class name="test.OrderCaseStudy">
        <test-method status="PASS" signature="placeOrder()[pri:0, instance:test.OrderCaseStudy@2b98378d]" name="placeOrder" duration-ms="53993" started-at="2019-08-16T04:05:06Z" finished-at="2019-08-16T04:06:00Z">
          <reporter-output>
          </reporter-output>
        </test-method> <!-- placeOrder -->
      </class> <!-- test.OrderCaseStudy -->
    </test> <!-- Default test -->
  </suite> <!-- Default suite -->
</testng-results>
